<?xml version="1.0" encoding="UTF-8"?>
<!-- Generated by org.testng.reporters.JUnitReportReporter -->
<testsuite skipped="0" hostname="WORSHAM52-PC" name="com.testCNN.MavenTest.MultipleWebsitesTest" tests="1" failures="0" timestamp="18 Mar 2021 23:06:02 GMT" time="35.420" errors="0">
  <testcase name="multipleWebsitesTest" time="35.420" classname="com.testCNN.MavenTest.MultipleWebsitesTest"/>
</testsuite> <!-- com.testCNN.MavenTest.MultipleWebsitesTest -->
