<?xml version="1.0" encoding="UTF-8"?>
<!-- Generated by org.testng.reporters.JUnitReportReporter -->
<testsuite skipped="0" hostname="WORSHAM52-PC" name="com.testCNN.MavenTest.MultipleWebsitesTest" tests="1" failures="0" timestamp="16 Feb 2021 22:08:16 GMT" time="70.228" errors="0">
  <testcase name="multipleWebsitesTest" time="70.228" classname="com.testCNN.MavenTest.MultipleWebsitesTest"/>
</testsuite> <!-- com.testCNN.MavenTest.MultipleWebsitesTest -->
