<?xml version="1.0" encoding="UTF-8"?>
<!-- Generated by org.testng.reporters.JUnitReportReporter -->
<testsuite skipped="0" hostname="WORSHAM52-PC" name="com.testCNN.MavenTest.CNNTest" tests="1" failures="0" timestamp="18 Mar 2021 22:43:46 GMT" time="13.319" errors="0">
  <testcase name="cnnTest" time="13.319" classname="com.testCNN.MavenTest.CNNTest"/>
</testsuite> <!-- com.testCNN.MavenTest.CNNTest -->
